<?xml version="1.0" encoding="UTF-8" ?>
<testsuite errors="0" failures="0" hostname="PJs-MacBook-Pro.local" name="com.flatironschool.javacs.WikiPhilosophyTest" skipped="0" tests="1" time="1.711" timestamp="2016-05-13T16:13:34">
  <properties>
[...]
</properties>
  <testcase classname="com.flatironschool.javacs.WikiPhilosophyTest" name="testMain" time="1.233" />
  <system-out><![CDATA[<p><b>Java</b> is a general-purpose <a href="/wiki/Programming_language" title="Programming language">computer programming language</a> that is <a href="/wiki/Concurrent_computing" title="Concurrent computing">concurrent</a>, <a href="/wiki/Class-based_programming" title="Class-based programming">class-based</a>, <a href="/wiki/Object-oriented_programming" title="Object-oriented programming">object-oriented</a>,<sup id="cite_ref-FOOTNOTEGoslingJoySteeleBracha20141_13-0" class="reference"><a href="#cite_note-FOOTNOTEGoslingJoySteeleBracha20141-13">[13]</a></sup> and specifically designed to have as few implementation dependencies as possible. It is intended to let application developers "<a href="/wiki/Write_once,_run_anywhere" title="Write once, run anywhere">write once, run anywhere</a>" (WORA),<sup id="cite_ref-14" class="reference"><a href="#cite_note-14">[14]</a></sup> meaning that <a href="/wiki/Compiler" title="Compiler">compiled</a> Java code can run on all platforms that support Java without the need for recompilation.<sup id="cite_ref-design_goals_15-0" class="reference"><a href="#cite_note-design_goals-15">[15]</a></sup> Java applications are typically compiled to <a href="/wiki/Java_bytecode" title="Java bytecode">bytecode</a> that can run on any <a href="/wiki/Java_virtual_machine" title="Java virtual machine">Java virtual machine</a> (JVM) regardless of <a href="/wiki/Computer_architecture" title="Computer architecture">computer architecture</a>. As of 2016, Java is one of the most <a href="/wiki/Measuring_programming_language_popularity" title="Measuring programming language popularity">popular programming languages in use</a>,<sup id="cite_ref-16" class="reference"><a href="#cite_note-16">[16]</a></sup><sup id="cite_ref-17" class="reference"><a href="#cite_note-17">[17]</a></sup><sup id="cite_ref-languagepopularity2013_18-0" class="reference"><a href="#cite_note-languagepopularity2013-18">[18]</a></sup><sup id="cite_ref-19" class="reference"><a href="#cite_note-19">[19]</a></sup> particularly for client-server web applications, with a reported 9 million developers.<sup class="noprint Inline-Template Template-Fact" style="white-space:nowrap;">[<i><a href="/wiki/Wikipedia:Citation_needed" title="Wikipedia:Citation needed"><span title="This claim needs references to reliable sources. (April 2015)">citation needed</span></a></i>]</sup> Java was originally developed by <a href="/wiki/James_Gosling" title="James Gosling">James Gosling</a> at <a href="/wiki/Sun_Microsystems" title="Sun Microsystems">Sun Microsystems</a> (which has since been <a href="/wiki/Sun_acquisition_by_Oracle" title="Sun acquisition by Oracle">acquired by Oracle Corporation</a>) and released in 1995 as a core component of Sun Microsystems' <a href="/wiki/Java_(software_platform)" title="Java (software platform)">Java platform</a>. The language derives much of its <a href="/wiki/Syntax_(programming_languages)" title="Syntax (programming languages)">syntax</a> from <a href="/wiki/C_(programming_language)" title="C (programming language)">C</a> and <a href="/wiki/C%2B%2B" title="C++">C++</a>, but it has fewer <a href="/wiki/Low-level_programming_language" title="Low-level programming language">low-level</a> facilities than either of them.</p>
<p><b>Java</b> is a general-purpose <a href="/wiki/Programming_language" title="Programming language">computer programming language</a> that is <a href="/wiki/Concurrent_computing" title="Concurrent computing">concurrent</a>, <a href="/wiki/Class-based_programming" title="Class-based programming">class-based</a>, <a href="/wiki/Object-oriented_programming" title="Object-oriented programming">object-oriented</a>,<sup id="cite_ref-FOOTNOTEGoslingJoySteeleBracha20141_13-0" class="reference"><a href="#cite_note-FOOTNOTEGoslingJoySteeleBracha20141-13">[13]</a></sup> and specifically designed to have as few implementation dependencies as possible. It is intended to let application developers "<a href="/wiki/Write_once,_run_anywhere" title="Write once, run anywhere">write once, run anywhere</a>" (WORA),<sup id="cite_ref-14" class="reference"><a href="#cite_note-14">[14]</a></sup> meaning that <a href="/wiki/Compiler" title="Compiler">compiled</a> Java code can run on all platforms that support Java without the need for recompilation.<sup id="cite_ref-design_goals_15-0" class="reference"><a href="#cite_note-design_goals-15">[15]</a></sup> Java applications are typically compiled to <a href="/wiki/Java_bytecode" title="Java bytecode">bytecode</a> that can run on any <a href="/wiki/Java_virtual_machine" title="Java virtual machine">Java virtual machine</a> (JVM) regardless of <a href="/wiki/Computer_architecture" title="Computer architecture">computer architecture</a>. As of 2016, Java is one of the most <a href="/wiki/Measuring_programming_language_popularity" title="Measuring programming language popularity">popular programming languages in use</a>,<sup id="cite_ref-16" class="reference"><a href="#cite_note-16">[16]</a></sup><sup id="cite_ref-17" class="reference"><a href="#cite_note-17">[17]</a></sup><sup id="cite_ref-languagepopularity2013_18-0" class="reference"><a href="#cite_note-languagepopularity2013-18">[18]</a></sup><sup id="cite_ref-19" class="reference"><a href="#cite_note-19">[19]</a></sup> particularly for client-server web applications, with a reported 9 million developers.<sup class="noprint Inline-Template Template-Fact" style="white-space:nowrap;">[<i><a href="/wiki/Wikipedia:Citation_needed" title="Wikipedia:Citation needed"><span title="This claim needs references to reliable sources. (April 2015)">citation needed</span></a></i>]</sup> Java was originally developed by <a href="/wiki/James_Gosling" title="James Gosling">James Gosling</a> at <a href="/wiki/Sun_Microsystems" title="Sun Microsystems">Sun Microsystems</a> (which has since been <a href="/wiki/Sun_acquisition_by_Oracle" title="Sun acquisition by Oracle">acquired by Oracle Corporation</a>) and released in 1995 as a core component of Sun Microsystems' <a href="/wiki/Java_(software_platform)" title="Java (software platform)">Java platform</a>. The language derives much of its <a href="/wiki/Syntax_(programming_languages)" title="Syntax (programming languages)">syntax</a> from <a href="/wiki/C_(programming_language)" title="C (programming language)">C</a> and <a href="/wiki/C%2B%2B" title="C++">C++</a>, but it has fewer <a href="/wiki/Low-level_programming_language" title="Low-level programming language">low-level</a> facilities than either of them.</p>
<p><b>Java</b> is a general-purpose <a href="/wiki/Programming_language" title="Programming language">computer programming language</a> that is <a href="/wiki/Concurrent_computing" title="Concurrent computing">concurrent</a>, <a href="/wiki/Class-based_programming" title="Class-based programming">class-based</a>, <a href="/wiki/Object-oriented_programming" title="Object-oriented programming">object-oriented</a>,<sup id="cite_ref-FOOTNOTEGoslingJoySteeleBracha20141_13-0" class="reference"><a href="#cite_note-FOOTNOTEGoslingJoySteeleBracha20141-13">[13]</a></sup> and specifically designed to have as few implementation dependencies as possible. It is intended to let application developers "<a href="/wiki/Write_once,_run_anywhere" title="Write once, run anywhere">write once, run anywhere</a>" (WORA),<sup id="cite_ref-14" class="reference"><a href="#cite_note-14">[14]</a></sup> meaning that <a href="/wiki/Compiler" title="Compiler">compiled</a> Java code can run on all platforms that support Java without the need for recompilation.<sup id="cite_ref-design_goals_15-0" class="reference"><a href="#cite_note-design_goals-15">[15]</a></sup> Java applications are typically compiled to <a href="/wiki/Java_bytecode" title="Java bytecode">bytecode</a> that can run on any <a href="/wiki/Java_virtual_machine" title="Java virtual machine">Java virtual machine</a> (JVM) regardless of <a href="/wiki/Computer_architecture" title="Computer architecture">computer architecture</a>. As of 2016, Java is one of the most <a href="/wiki/Measuring_programming_language_popularity" title="Measuring programming language popularity">popular programming languages in use</a>,<sup id="cite_ref-16" class="reference"><a href="#cite_note-16">[16]</a></sup><sup id="cite_ref-17" class="reference"><a href="#cite_note-17">[17]</a></sup><sup id="cite_ref-languagepopularity2013_18-0" class="reference"><a href="#cite_note-languagepopularity2013-18">[18]</a></sup><sup id="cite_ref-19" class="reference"><a href="#cite_note-19">[19]</a></sup> particularly for client-server web applications, with a reported 9 million developers.<sup class="noprint Inline-Template Template-Fact" style="white-space:nowrap;">[<i><a href="/wiki/Wikipedia:Citation_needed" title="Wikipedia:Citation needed"><span title="This claim needs references to reliable sources. (April 2015)">citation needed</span></a></i>]</sup> Java was originally developed by <a href="/wiki/James_Gosling" title="James Gosling">James Gosling</a> at <a href="/wiki/Sun_Microsystems" title="Sun Microsystems">Sun Microsystems</a> (which has since been <a href="/wiki/Sun_acquisition_by_Oracle" title="Sun acquisition by Oracle">acquired by Oracle Corporation</a>) and released in 1995 as a core component of Sun Microsystems' <a href="/wiki/Java_(software_platform)" title="Java (software platform)">Java platform</a>. The language derives much of its <a href="/wiki/Syntax_(programming_languages)" title="Syntax (programming languages)">syntax</a> from <a href="/wiki/C_(programming_language)" title="C (programming language)">C</a> and <a href="/wiki/C%2B%2B" title="C++">C++</a>, but it has fewer <a href="/wiki/Low-level_programming_language" title="Low-level programming language">low-level</a> facilities than either of them.</p>
<p><b>Java</b> is a general-purpose <a href="/wiki/Programming_language" title="Programming language">computer programming language</a> that is <a href="/wiki/Concurrent_computing" title="Concurrent computing">concurrent</a>, <a href="/wiki/Class-based_programming" title="Class-based programming">class-based</a>, <a href="/wiki/Object-oriented_programming" title="Object-oriented programming">object-oriented</a>,<sup id="cite_ref-FOOTNOTEGoslingJoySteeleBracha20141_13-0" class="reference"><a href="#cite_note-FOOTNOTEGoslingJoySteeleBracha20141-13">[13]</a></sup> and specifically designed to have as few implementation dependencies as possible. It is intended to let application developers "<a href="/wiki/Write_once,_run_anywhere" title="Write once, run anywhere">write once, run anywhere</a>" (WORA),<sup id="cite_ref-14" class="reference"><a href="#cite_note-14">[14]</a></sup> meaning that <a href="/wiki/Compiler" title="Compiler">compiled</a> Java code can run on all platforms that support Java without the need for recompilation.<sup id="cite_ref-design_goals_15-0" class="reference"><a href="#cite_note-design_goals-15">[15]</a></sup> Java applications are typically compiled to <a href="/wiki/Java_bytecode" title="Java bytecode">bytecode</a> that can run on any <a href="/wiki/Java_virtual_machine" title="Java virtual machine">Java virtual machine</a> (JVM) regardless of <a href="/wiki/Computer_architecture" title="Computer architecture">computer architecture</a>. As of 2016, Java is one of the most <a href="/wiki/Measuring_programming_language_popularity" title="Measuring programming language popularity">popular programming languages in use</a>,<sup id="cite_ref-16" class="reference"><a href="#cite_note-16">[16]</a></sup><sup id="cite_ref-17" class="reference"><a href="#cite_note-17">[17]</a></sup><sup id="cite_ref-languagepopularity2013_18-0" class="reference"><a href="#cite_note-languagepopularity2013-18">[18]</a></sup><sup id="cite_ref-19" class="reference"><a href="#cite_note-19">[19]</a></sup> particularly for client-server web applications, with a reported 9 million developers.<sup class="noprint Inline-Template Template-Fact" style="white-space:nowrap;">[<i><a href="/wiki/Wikipedia:Citation_needed" title="Wikipedia:Citation needed"><span title="This claim needs references to reliable sources. (April 2015)">citation needed</span></a></i>]</sup> Java was originally developed by <a href="/wiki/James_Gosling" title="James Gosling">James Gosling</a> at <a href="/wiki/Sun_Microsystems" title="Sun Microsystems">Sun Microsystems</a> (which has since been <a href="/wiki/Sun_acquisition_by_Oracle" title="Sun acquisition by Oracle">acquired by Oracle Corporation</a>) and released in 1995 as a core component of Sun Microsystems' <a href="/wiki/Java_(software_platform)" title="Java (software platform)">Java platform</a>. The language derives much of its <a href="/wiki/Syntax_(programming_languages)" title="Syntax (programming languages)">syntax</a> from <a href="/wiki/C_(programming_language)" title="C (programming language)">C</a> and <a href="/wiki/C%2B%2B" title="C++">C++</a>, but it has fewer <a href="/wiki/Low-level_programming_language" title="Low-level programming language">low-level</a> facilities than either of them.</p>
<sup id="cite_ref-FOOTNOTEGoslingJoySteeleBracha20141_13-0" class="reference"><a href="#cite_note-FOOTNOTEGoslingJoySteeleBracha20141-13">[13]</a></sup>
<p><b>Java</b> is a general-purpose <a href="/wiki/Programming_language" title="Programming language">computer programming language</a> that is <a href="/wiki/Concurrent_computing" title="Concurrent computing">concurrent</a>, <a href="/wiki/Class-based_programming" title="Class-based programming">class-based</a>, <a href="/wiki/Object-oriented_programming" title="Object-oriented programming">object-oriented</a>,<sup id="cite_ref-FOOTNOTEGoslingJoySteeleBracha20141_13-0" class="reference"><a href="#cite_note-FOOTNOTEGoslingJoySteeleBracha20141-13">[13]</a></sup> and specifically designed to have as few implementation dependencies as possible. It is intended to let application developers "<a href="/wiki/Write_once,_run_anywhere" title="Write once, run anywhere">write once, run anywhere</a>" (WORA),<sup id="cite_ref-14" class="reference"><a href="#cite_note-14">[14]</a></sup> meaning that <a href="/wiki/Compiler" title="Compiler">compiled</a> Java code can run on all platforms that support Java without the need for recompilation.<sup id="cite_ref-design_goals_15-0" class="reference"><a href="#cite_note-design_goals-15">[15]</a></sup> Java applications are typically compiled to <a href="/wiki/Java_bytecode" title="Java bytecode">bytecode</a> that can run on any <a href="/wiki/Java_virtual_machine" title="Java virtual machine">Java virtual machine</a> (JVM) regardless of <a href="/wiki/Computer_architecture" title="Computer architecture">computer architecture</a>. As of 2016, Java is one of the most <a href="/wiki/Measuring_programming_language_popularity" title="Measuring programming language popularity">popular programming languages in use</a>,<sup id="cite_ref-16" class="reference"><a href="#cite_note-16">[16]</a></sup><sup id="cite_ref-17" class="reference"><a href="#cite_note-17">[17]</a></sup><sup id="cite_ref-languagepopularity2013_18-0" class="reference"><a href="#cite_note-languagepopularity2013-18">[18]</a></sup><sup id="cite_ref-19" class="reference"><a href="#cite_note-19">[19]</a></sup> particularly for client-server web applications, with a reported 9 million developers.<sup class="noprint Inline-Template Template-Fact" style="white-space:nowrap;">[<i><a href="/wiki/Wikipedia:Citation_needed" title="Wikipedia:Citation needed"><span title="This claim needs references to reliable sources. (April 2015)">citation needed</span></a></i>]</sup> Java was originally developed by <a href="/wiki/James_Gosling" title="James Gosling">James Gosling</a> at <a href="/wiki/Sun_Microsystems" title="Sun Microsystems">Sun Microsystems</a> (which has since been <a href="/wiki/Sun_acquisition_by_Oracle" title="Sun acquisition by Oracle">acquired by Oracle Corporation</a>) and released in 1995 as a core component of Sun Microsystems' <a href="/wiki/Java_(software_platform)" title="Java (software platform)">Java platform</a>. The language derives much of its <a href="/wiki/Syntax_(programming_languages)" title="Syntax (programming languages)">syntax</a> from <a href="/wiki/C_(programming_language)" title="C (programming language)">C</a> and <a href="/wiki/C%2B%2B" title="C++">C++</a>, but it has fewer <a href="/wiki/Low-level_programming_language" title="Low-level programming language">low-level</a> facilities than either of them.</p>
<sup id="cite_ref-14" class="reference"><a href="#cite_note-14">[14]</a></sup>
<p><b>Java</b> is a general-purpose <a href="/wiki/Programming_language" title="Programming language">computer programming language</a> that is <a href="/wiki/Concurrent_computing" title="Concurrent computing">concurrent</a>, <a href="/wiki/Class-based_programming" title="Class-based programming">class-based</a>, <a href="/wiki/Object-oriented_programming" title="Object-oriented programming">object-oriented</a>,<sup id="cite_ref-FOOTNOTEGoslingJoySteeleBracha20141_13-0" class="reference"><a href="#cite_note-FOOTNOTEGoslingJoySteeleBracha20141-13">[13]</a></sup> and specifically designed to have as few implementation dependencies as possible. It is intended to let application developers "<a href="/wiki/Write_once,_run_anywhere" title="Write once, run anywhere">write once, run anywhere</a>" (WORA),<sup id="cite_ref-14" class="reference"><a href="#cite_note-14">[14]</a></sup> meaning that <a href="/wiki/Compiler" title="Compiler">compiled</a> Java code can run on all platforms that support Java without the need for recompilation.<sup id="cite_ref-design_goals_15-0" class="reference"><a href="#cite_note-design_goals-15">[15]</a></sup> Java applications are typically compiled to <a href="/wiki/Java_bytecode" title="Java bytecode">bytecode</a> that can run on any <a href="/wiki/Java_virtual_machine" title="Java virtual machine">Java virtual machine</a> (JVM) regardless of <a href="/wiki/Computer_architecture" title="Computer architecture">computer architecture</a>. As of 2016, Java is one of the most <a href="/wiki/Measuring_programming_language_popularity" title="Measuring programming language popularity">popular programming languages in use</a>,<sup id="cite_ref-16" class="reference"><a href="#cite_note-16">[16]</a></sup><sup id="cite_ref-17" class="reference"><a href="#cite_note-17">[17]</a></sup><sup id="cite_ref-languagepopularity2013_18-0" class="reference"><a href="#cite_note-languagepopularity2013-18">[18]</a></sup><sup id="cite_ref-19" class="reference"><a href="#cite_note-19">[19]</a></sup> particularly for client-server web applications, with a reported 9 million developers.<sup class="noprint Inline-Template Template-Fact" style="white-space:nowrap;">[<i><a href="/wiki/Wikipedia:Citation_needed" title="Wikipedia:Citation needed"><span title="This claim needs references to reliable sources. (April 2015)">citation needed</span></a></i>]</sup> Java was originally developed by <a href="/wiki/James_Gosling" title="James Gosling">James Gosling</a> at <a href="/wiki/Sun_Microsystems" title="Sun Microsystems">Sun Microsystems</a> (which has since been <a href="/wiki/Sun_acquisition_by_Oracle" title="Sun acquisition by Oracle">acquired by Oracle Corporation</a>) and released in 1995 as a core component of Sun Microsystems' <a href="/wiki/Java_(software_platform)" title="Java (software platform)">Java platform</a>. The language derives much of its <a href="/wiki/Syntax_(programming_languages)" title="Syntax (programming languages)">syntax</a> from <a href="/wiki/C_(programming_language)" title="C (programming language)">C</a> and <a href="/wiki/C%2B%2B" title="C++">C++</a>, but it has fewer <a href="/wiki/Low-level_programming_language" title="Low-level programming language">low-level</a> facilities than either of them.</p>
<sup id="cite_ref-design_goals_15-0" class="reference"><a href="#cite_note-design_goals-15">[15]</a></sup>
<p><b>Java</b> is a general-purpose <a href="/wiki/Programming_language" title="Programming language">computer programming language</a> that is <a href="/wiki/Concurrent_computing" title="Concurrent computing">concurrent</a>, <a href="/wiki/Class-based_programming" title="Class-based programming">class-based</a>, <a href="/wiki/Object-oriented_programming" title="Object-oriented programming">object-oriented</a>,<sup id="cite_ref-FOOTNOTEGoslingJoySteeleBracha20141_13-0" class="reference"><a href="#cite_note-FOOTNOTEGoslingJoySteeleBracha20141-13">[13]</a></sup> and specifically designed to have as few implementation dependencies as possible. It is intended to let application developers "<a href="/wiki/Write_once,_run_anywhere" title="Write once, run anywhere">write once, run anywhere</a>" (WORA),<sup id="cite_ref-14" class="reference"><a href="#cite_note-14">[14]</a></sup> meaning that <a href="/wiki/Compiler" title="Compiler">compiled</a> Java code can run on all platforms that support Java without the need for recompilation.<sup id="cite_ref-design_goals_15-0" class="reference"><a href="#cite_note-design_goals-15">[15]</a></sup> Java applications are typically compiled to <a href="/wiki/Java_bytecode" title="Java bytecode">bytecode</a> that can run on any <a href="/wiki/Java_virtual_machine" title="Java virtual machine">Java virtual machine</a> (JVM) regardless of <a href="/wiki/Computer_architecture" title="Computer architecture">computer architecture</a>. As of 2016, Java is one of the most <a href="/wiki/Measuring_programming_language_popularity" title="Measuring programming language popularity">popular programming languages in use</a>,<sup id="cite_ref-16" class="reference"><a href="#cite_note-16">[16]</a></sup><sup id="cite_ref-17" class="reference"><a href="#cite_note-17">[17]</a></sup><sup id="cite_ref-languagepopularity2013_18-0" class="reference"><a href="#cite_note-languagepopularity2013-18">[18]</a></sup><sup id="cite_ref-19" class="reference"><a href="#cite_note-19">[19]</a></sup> particularly for client-server web applications, with a reported 9 million developers.<sup class="noprint Inline-Template Template-Fact" style="white-space:nowrap;">[<i><a href="/wiki/Wikipedia:Citation_needed" title="Wikipedia:Citation needed"><span title="This claim needs references to reliable sources. (April 2015)">citation needed</span></a></i>]</sup> Java was originally developed by <a href="/wiki/James_Gosling" title="James Gosling">James Gosling</a> at <a href="/wiki/Sun_Microsystems" title="Sun Microsystems">Sun Microsystems</a> (which has since been <a href="/wiki/Sun_acquisition_by_Oracle" title="Sun acquisition by Oracle">acquired by Oracle Corporation</a>) and released in 1995 as a core component of Sun Microsystems' <a href="/wiki/Java_(software_platform)" title="Java (software platform)">Java platform</a>. The language derives much of its <a href="/wiki/Syntax_(programming_languages)" title="Syntax (programming languages)">syntax</a> from <a href="/wiki/C_(programming_language)" title="C (programming language)">C</a> and <a href="/wiki/C%2B%2B" title="C++">C++</a>, but it has fewer <a href="/wiki/Low-level_programming_language" title="Low-level programming language">low-level</a> facilities than either of them.</p>
<p><b>Java</b> is a general-purpose <a href="/wiki/Programming_language" title="Programming language">computer programming language</a> that is <a href="/wiki/Concurrent_computing" title="Concurrent computing">concurrent</a>, <a href="/wiki/Class-based_programming" title="Class-based programming">class-based</a>, <a href="/wiki/Object-oriented_programming" title="Object-oriented programming">object-oriented</a>,<sup id="cite_ref-FOOTNOTEGoslingJoySteeleBracha20141_13-0" class="reference"><a href="#cite_note-FOOTNOTEGoslingJoySteeleBracha20141-13">[13]</a></sup> and specifically designed to have as few implementation dependencies as possible. It is intended to let application developers "<a href="/wiki/Write_once,_run_anywhere" title="Write once, run anywhere">write once, run anywhere</a>" (WORA),<sup id="cite_ref-14" class="reference"><a href="#cite_note-14">[14]</a></sup> meaning that <a href="/wiki/Compiler" title="Compiler">compiled</a> Java code can run on all platforms that support Java without the need for recompilation.<sup id="cite_ref-design_goals_15-0" class="reference"><a href="#cite_note-design_goals-15">[15]</a></sup> Java applications are typically compiled to <a href="/wiki/Java_bytecode" title="Java bytecode">bytecode</a> that can run on any <a href="/wiki/Java_virtual_machine" title="Java virtual machine">Java virtual machine</a> (JVM) regardless of <a href="/wiki/Computer_architecture" title="Computer architecture">computer architecture</a>. As of 2016, Java is one of the most <a href="/wiki/Measuring_programming_language_popularity" title="Measuring programming language popularity">popular programming languages in use</a>,<sup id="cite_ref-16" class="reference"><a href="#cite_note-16">[16]</a></sup><sup id="cite_ref-17" class="reference"><a href="#cite_note-17">[17]</a></sup><sup id="cite_ref-languagepopularity2013_18-0" class="reference"><a href="#cite_note-languagepopularity2013-18">[18]</a></sup><sup id="cite_ref-19" class="reference"><a href="#cite_note-19">[19]</a></sup> particularly for client-server web applications, with a reported 9 million developers.<sup class="noprint Inline-Template Template-Fact" style="white-space:nowrap;">[<i><a href="/wiki/Wikipedia:Citation_needed" title="Wikipedia:Citation needed"><span title="This claim needs references to reliable sources. (April 2015)">citation needed</span></a></i>]</sup> Java was originally developed by <a href="/wiki/James_Gosling" title="James Gosling">James Gosling</a> at <a href="/wiki/Sun_Microsystems" title="Sun Microsystems">Sun Microsystems</a> (which has since been <a href="/wiki/Sun_acquisition_by_Oracle" title="Sun acquisition by Oracle">acquired by Oracle Corporation</a>) and released in 1995 as a core component of Sun Microsystems' <a href="/wiki/Java_(software_platform)" title="Java (software platform)">Java platform</a>. The language derives much of its <a href="/wiki/Syntax_(programming_languages)" title="Syntax (programming languages)">syntax</a> from <a href="/wiki/C_(programming_language)" title="C (programming language)">C</a> and <a href="/wiki/C%2B%2B" title="C++">C++</a>, but it has fewer <a href="/wiki/Low-level_programming_language" title="Low-level programming language">low-level</a> facilities than either of them.</p>
<p><b>Java</b> is a general-purpose <a href="/wiki/Programming_language" title="Programming language">computer programming language</a> that is <a href="/wiki/Concurrent_computing" title="Concurrent computing">concurrent</a>, <a href="/wiki/Class-based_programming" title="Class-based programming">class-based</a>, <a href="/wiki/Object-oriented_programming" title="Object-oriented programming">object-oriented</a>,<sup id="cite_ref-FOOTNOTEGoslingJoySteeleBracha20141_13-0" class="reference"><a href="#cite_note-FOOTNOTEGoslingJoySteeleBracha20141-13">[13]</a></sup> and specifically designed to have as few implementation dependencies as possible. It is intended to let application developers "<a href="/wiki/Write_once,_run_anywhere" title="Write once, run anywhere">write once, run anywhere</a>" (WORA),<sup id="cite_ref-14" class="reference"><a href="#cite_note-14">[14]</a></sup> meaning that <a href="/wiki/Compiler" title="Compiler">compiled</a> Java code can run on all platforms that support Java without the need for recompilation.<sup id="cite_ref-design_goals_15-0" class="reference"><a href="#cite_note-design_goals-15">[15]</a></sup> Java applications are typically compiled to <a href="/wiki/Java_bytecode" title="Java bytecode">bytecode</a> that can run on any <a href="/wiki/Java_virtual_machine" title="Java virtual machine">Java virtual machine</a> (JVM) regardless of <a href="/wiki/Computer_architecture" title="Computer architecture">computer architecture</a>. As of 2016, Java is one of the most <a href="/wiki/Measuring_programming_language_popularity" title="Measuring programming language popularity">popular programming languages in use</a>,<sup id="cite_ref-16" class="reference"><a href="#cite_note-16">[16]</a></sup><sup id="cite_ref-17" class="reference"><a href="#cite_note-17">[17]</a></sup><sup id="cite_ref-languagepopularity2013_18-0" class="reference"><a href="#cite_note-languagepopularity2013-18">[18]</a></sup><sup id="cite_ref-19" class="reference"><a href="#cite_note-19">[19]</a></sup> particularly for client-server web applications, with a reported 9 million developers.<sup class="noprint Inline-Template Template-Fact" style="white-space:nowrap;">[<i><a href="/wiki/Wikipedia:Citation_needed" title="Wikipedia:Citation needed"><span title="This claim needs references to reliable sources. (April 2015)">citation needed</span></a></i>]</sup> Java was originally developed by <a href="/wiki/James_Gosling" title="James Gosling">James Gosling</a> at <a href="/wiki/Sun_Microsystems" title="Sun Microsystems">Sun Microsystems</a> (which has since been <a href="/wiki/Sun_acquisition_by_Oracle" title="Sun acquisition by Oracle">acquired by Oracle Corporation</a>) and released in 1995 as a core component of Sun Microsystems' <a href="/wiki/Java_(software_platform)" title="Java (software platform)">Java platform</a>. The language derives much of its <a href="/wiki/Syntax_(programming_languages)" title="Syntax (programming languages)">syntax</a> from <a href="/wiki/C_(programming_language)" title="C (programming language)">C</a> and <a href="/wiki/C%2B%2B" title="C++">C++</a>, but it has fewer <a href="/wiki/Low-level_programming_language" title="Low-level programming language">low-level</a> facilities than either of them.</p>
<p><b>Java</b> is a general-purpose <a href="/wiki/Programming_language" title="Programming language">computer programming language</a> that is <a href="/wiki/Concurrent_computing" title="Concurrent computing">concurrent</a>, <a href="/wiki/Class-based_programming" title="Class-based programming">class-based</a>, <a href="/wiki/Object-oriented_programming" title="Object-oriented programming">object-oriented</a>,<sup id="cite_ref-FOOTNOTEGoslingJoySteeleBracha20141_13-0" class="reference"><a href="#cite_note-FOOTNOTEGoslingJoySteeleBracha20141-13">[13]</a></sup> and specifically designed to have as few implementation dependencies as possible. It is intended to let application developers "<a href="/wiki/Write_once,_run_anywhere" title="Write once, run anywhere">write once, run anywhere</a>" (WORA),<sup id="cite_ref-14" class="reference"><a href="#cite_note-14">[14]</a></sup> meaning that <a href="/wiki/Compiler" title="Compiler">compiled</a> Java code can run on all platforms that support Java without the need for recompilation.<sup id="cite_ref-design_goals_15-0" class="reference"><a href="#cite_note-design_goals-15">[15]</a></sup> Java applications are typically compiled to <a href="/wiki/Java_bytecode" title="Java bytecode">bytecode</a> that can run on any <a href="/wiki/Java_virtual_machine" title="Java virtual machine">Java virtual machine</a> (JVM) regardless of <a href="/wiki/Computer_architecture" title="Computer architecture">computer architecture</a>. As of 2016, Java is one of the most <a href="/wiki/Measuring_programming_language_popularity" title="Measuring programming language popularity">popular programming languages in use</a>,<sup id="cite_ref-16" class="reference"><a href="#cite_note-16">[16]</a></sup><sup id="cite_ref-17" class="reference"><a href="#cite_note-17">[17]</a></sup><sup id="cite_ref-languagepopularity2013_18-0" class="reference"><a href="#cite_note-languagepopularity2013-18">[18]</a></sup><sup id="cite_ref-19" class="reference"><a href="#cite_note-19">[19]</a></sup> particularly for client-server web applications, with a reported 9 million developers.<sup class="noprint Inline-Template Template-Fact" style="white-space:nowrap;">[<i><a href="/wiki/Wikipedia:Citation_needed" title="Wikipedia:Citation needed"><span title="This claim needs references to reliable sources. (April 2015)">citation needed</span></a></i>]</sup> Java was originally developed by <a href="/wiki/James_Gosling" title="James Gosling">James Gosling</a> at <a href="/wiki/Sun_Microsystems" title="Sun Microsystems">Sun Microsystems</a> (which has since been <a href="/wiki/Sun_acquisition_by_Oracle" title="Sun acquisition by Oracle">acquired by Oracle Corporation</a>) and released in 1995 as a core component of Sun Microsystems' <a href="/wiki/Java_(software_platform)" title="Java (software platform)">Java platform</a>. The language derives much of its <a href="/wiki/Syntax_(programming_languages)" title="Syntax (programming languages)">syntax</a> from <a href="/wiki/C_(programming_language)" title="C (programming language)">C</a> and <a href="/wiki/C%2B%2B" title="C++">C++</a>, but it has fewer <a href="/wiki/Low-level_programming_language" title="Low-level programming language">low-level</a> facilities than either of them.</p>
<sup id="cite_ref-16" class="reference"><a href="#cite_note-16">[16]</a></sup>
<sup id="cite_ref-17" class="reference"><a href="#cite_note-17">[17]</a></sup>
<sup id="cite_ref-languagepopularity2013_18-0" class="reference"><a href="#cite_note-languagepopularity2013-18">[18]</a></sup>
<sup id="cite_ref-19" class="reference"><a href="#cite_note-19">[19]</a></sup>
<i><a href="/wiki/Wikipedia:Citation_needed" title="Wikipedia:Citation needed"><span title="This claim needs references to reliable sources. (April 2015)">citation needed</span></a></i>
<p><b>Java</b> is a general-purpose <a href="/wiki/Programming_language" title="Programming language">computer programming language</a> that is <a href="/wiki/Concurrent_computing" title="Concurrent computing">concurrent</a>, <a href="/wiki/Class-based_programming" title="Class-based programming">class-based</a>, <a href="/wiki/Object-oriented_programming" title="Object-oriented programming">object-oriented</a>,<sup id="cite_ref-FOOTNOTEGoslingJoySteeleBracha20141_13-0" class="reference"><a href="#cite_note-FOOTNOTEGoslingJoySteeleBracha20141-13">[13]</a></sup> and specifically designed to have as few implementation dependencies as possible. It is intended to let application developers "<a href="/wiki/Write_once,_run_anywhere" title="Write once, run anywhere">write once, run anywhere</a>" (WORA),<sup id="cite_ref-14" class="reference"><a href="#cite_note-14">[14]</a></sup> meaning that <a href="/wiki/Compiler" title="Compiler">compiled</a> Java code can run on all platforms that support Java without the need for recompilation.<sup id="cite_ref-design_goals_15-0" class="reference"><a href="#cite_note-design_goals-15">[15]</a></sup> Java applications are typically compiled to <a href="/wiki/Java_bytecode" title="Java bytecode">bytecode</a> that can run on any <a href="/wiki/Java_virtual_machine" title="Java virtual machine">Java virtual machine</a> (JVM) regardless of <a href="/wiki/Computer_architecture" title="Computer architecture">computer architecture</a>. As of 2016, Java is one of the most <a href="/wiki/Measuring_programming_language_popularity" title="Measuring programming language popularity">popular programming languages in use</a>,<sup id="cite_ref-16" class="reference"><a href="#cite_note-16">[16]</a></sup><sup id="cite_ref-17" class="reference"><a href="#cite_note-17">[17]</a></sup><sup id="cite_ref-languagepopularity2013_18-0" class="reference"><a href="#cite_note-languagepopularity2013-18">[18]</a></sup><sup id="cite_ref-19" class="reference"><a href="#cite_note-19">[19]</a></sup> particularly for client-server web applications, with a reported 9 million developers.<sup class="noprint Inline-Template Template-Fact" style="white-space:nowrap;">[<i><a href="/wiki/Wikipedia:Citation_needed" title="Wikipedia:Citation needed"><span title="This claim needs references to reliable sources. (April 2015)">citation needed</span></a></i>]</sup> Java was originally developed by <a href="/wiki/James_Gosling" title="James Gosling">James Gosling</a> at <a href="/wiki/Sun_Microsystems" title="Sun Microsystems">Sun Microsystems</a> (which has since been <a href="/wiki/Sun_acquisition_by_Oracle" title="Sun acquisition by Oracle">acquired by Oracle Corporation</a>) and released in 1995 as a core component of Sun Microsystems' <a href="/wiki/Java_(software_platform)" title="Java (software platform)">Java platform</a>. The language derives much of its <a href="/wiki/Syntax_(programming_languages)" title="Syntax (programming languages)">syntax</a> from <a href="/wiki/C_(programming_language)" title="C (programming language)">C</a> and <a href="/wiki/C%2B%2B" title="C++">C++</a>, but it has fewer <a href="/wiki/Low-level_programming_language" title="Low-level programming language">low-level</a> facilities than either of them.</p>
<p><b>Java</b> is a general-purpose <a href="/wiki/Programming_language" title="Programming language">computer programming language</a> that is <a href="/wiki/Concurrent_computing" title="Concurrent computing">concurrent</a>, <a href="/wiki/Class-based_programming" title="Class-based programming">class-based</a>, <a href="/wiki/Object-oriented_programming" title="Object-oriented programming">object-oriented</a>,<sup id="cite_ref-FOOTNOTEGoslingJoySteeleBracha20141_13-0" class="reference"><a href="#cite_note-FOOTNOTEGoslingJoySteeleBracha20141-13">[13]</a></sup> and specifically designed to have as few implementation dependencies as possible. It is intended to let application developers "<a href="/wiki/Write_once,_run_anywhere" title="Write once, run anywhere">write once, run anywhere</a>" (WORA),<sup id="cite_ref-14" class="reference"><a href="#cite_note-14">[14]</a></sup> meaning that <a href="/wiki/Compiler" title="Compiler">compiled</a> Java code can run on all platforms that support Java without the need for recompilation.<sup id="cite_ref-design_goals_15-0" class="reference"><a href="#cite_note-design_goals-15">[15]</a></sup> Java applications are typically compiled to <a href="/wiki/Java_bytecode" title="Java bytecode">bytecode</a> that can run on any <a href="/wiki/Java_virtual_machine" title="Java virtual machine">Java virtual machine</a> (JVM) regardless of <a href="/wiki/Computer_architecture" title="Computer architecture">computer architecture</a>. As of 2016, Java is one of the most <a href="/wiki/Measuring_programming_language_popularity" title="Measuring programming language popularity">popular programming languages in use</a>,<sup id="cite_ref-16" class="reference"><a href="#cite_note-16">[16]</a></sup><sup id="cite_ref-17" class="reference"><a href="#cite_note-17">[17]</a></sup><sup id="cite_ref-languagepopularity2013_18-0" class="reference"><a href="#cite_note-languagepopularity2013-18">[18]</a></sup><sup id="cite_ref-19" class="reference"><a href="#cite_note-19">[19]</a></sup> particularly for client-server web applications, with a reported 9 million developers.<sup class="noprint Inline-Template Template-Fact" style="white-space:nowrap;">[<i><a href="/wiki/Wikipedia:Citation_needed" title="Wikipedia:Citation needed"><span title="This claim needs references to reliable sources. (April 2015)">citation needed</span></a></i>]</sup> Java was originally developed by <a href="/wiki/James_Gosling" title="James Gosling">James Gosling</a> at <a href="/wiki/Sun_Microsystems" title="Sun Microsystems">Sun Microsystems</a> (which has since been <a href="/wiki/Sun_acquisition_by_Oracle" title="Sun acquisition by Oracle">acquired by Oracle Corporation</a>) and released in 1995 as a core component of Sun Microsystems' <a href="/wiki/Java_(software_platform)" title="Java (software platform)">Java platform</a>. The language derives much of its <a href="/wiki/Syntax_(programming_languages)" title="Syntax (programming languages)">syntax</a> from <a href="/wiki/C_(programming_language)" title="C (programming language)">C</a> and <a href="/wiki/C%2B%2B" title="C++">C++</a>, but it has fewer <a href="/wiki/Low-level_programming_language" title="Low-level programming language">low-level</a> facilities than either of them.</p>
<p><b>Java</b> is a general-purpose <a href="/wiki/Programming_language" title="Programming language">computer programming language</a> that is <a href="/wiki/Concurrent_computing" title="Concurrent computing">concurrent</a>, <a href="/wiki/Class-based_programming" title="Class-based programming">class-based</a>, <a href="/wiki/Object-oriented_programming" title="Object-oriented programming">object-oriented</a>,<sup id="cite_ref-FOOTNOTEGoslingJoySteeleBracha20141_13-0" class="reference"><a href="#cite_note-FOOTNOTEGoslingJoySteeleBracha20141-13">[13]</a></sup> and specifically designed to have as few implementation dependencies as possible. It is intended to let application developers "<a href="/wiki/Write_once,_run_anywhere" title="Write once, run anywhere">write once, run anywhere</a>" (WORA),<sup id="cite_ref-14" class="reference"><a href="#cite_note-14">[14]</a></sup> meaning that <a href="/wiki/Compiler" title="Compiler">compiled</a> Java code can run on all platforms that support Java without the need for recompilation.<sup id="cite_ref-design_goals_15-0" class="reference"><a href="#cite_note-design_goals-15">[15]</a></sup> Java applications are typically compiled to <a href="/wiki/Java_bytecode" title="Java bytecode">bytecode</a> that can run on any <a href="/wiki/Java_virtual_machine" title="Java virtual machine">Java virtual machine</a> (JVM) regardless of <a href="/wiki/Computer_architecture" title="Computer architecture">computer architecture</a>. As of 2016, Java is one of the most <a href="/wiki/Measuring_programming_language_popularity" title="Measuring programming language popularity">popular programming languages in use</a>,<sup id="cite_ref-16" class="reference"><a href="#cite_note-16">[16]</a></sup><sup id="cite_ref-17" class="reference"><a href="#cite_note-17">[17]</a></sup><sup id="cite_ref-languagepopularity2013_18-0" class="reference"><a href="#cite_note-languagepopularity2013-18">[18]</a></sup><sup id="cite_ref-19" class="reference"><a href="#cite_note-19">[19]</a></sup> particularly for client-server web applications, with a reported 9 million developers.<sup class="noprint Inline-Template Template-Fact" style="white-space:nowrap;">[<i><a href="/wiki/Wikipedia:Citation_needed" title="Wikipedia:Citation needed"><span title="This claim needs references to reliable sources. (April 2015)">citation needed</span></a></i>]</sup> Java was originally developed by <a href="/wiki/James_Gosling" title="James Gosling">James Gosling</a> at <a href="/wiki/Sun_Microsystems" title="Sun Microsystems">Sun Microsystems</a> (which has since been <a href="/wiki/Sun_acquisition_by_Oracle" title="Sun acquisition by Oracle">acquired by Oracle Corporation</a>) and released in 1995 as a core component of Sun Microsystems' <a href="/wiki/Java_(software_platform)" title="Java (software platform)">Java platform</a>. The language derives much of its <a href="/wiki/Syntax_(programming_languages)" title="Syntax (programming languages)">syntax</a> from <a href="/wiki/C_(programming_language)" title="C (programming language)">C</a> and <a href="/wiki/C%2B%2B" title="C++">C++</a>, but it has fewer <a href="/wiki/Low-level_programming_language" title="Low-level programming language">low-level</a> facilities than either of them.</p>
<p><b>Java</b> is a general-purpose <a href="/wiki/Programming_language" title="Programming language">computer programming language</a> that is <a href="/wiki/Concurrent_computing" title="Concurrent computing">concurrent</a>, <a href="/wiki/Class-based_programming" title="Class-based programming">class-based</a>, <a href="/wiki/Object-oriented_programming" title="Object-oriented programming">object-oriented</a>,<sup id="cite_ref-FOOTNOTEGoslingJoySteeleBracha20141_13-0" class="reference"><a href="#cite_note-FOOTNOTEGoslingJoySteeleBracha20141-13">[13]</a></sup> and specifically designed to have as few implementation dependencies as possible. It is intended to let application developers "<a href="/wiki/Write_once,_run_anywhere" title="Write once, run anywhere">write once, run anywhere</a>" (WORA),<sup id="cite_ref-14" class="reference"><a href="#cite_note-14">[14]</a></sup> meaning that <a href="/wiki/Compiler" title="Compiler">compiled</a> Java code can run on all platforms that support Java without the need for recompilation.<sup id="cite_ref-design_goals_15-0" class="reference"><a href="#cite_note-design_goals-15">[15]</a></sup> Java applications are typically compiled to <a href="/wiki/Java_bytecode" title="Java bytecode">bytecode</a> that can run on any <a href="/wiki/Java_virtual_machine" title="Java virtual machine">Java virtual machine</a> (JVM) regardless of <a href="/wiki/Computer_architecture" title="Computer architecture">computer architecture</a>. As of 2016, Java is one of the most <a href="/wiki/Measuring_programming_language_popularity" title="Measuring programming language popularity">popular programming languages in use</a>,<sup id="cite_ref-16" class="reference"><a href="#cite_note-16">[16]</a></sup><sup id="cite_ref-17" class="reference"><a href="#cite_note-17">[17]</a></sup><sup id="cite_ref-languagepopularity2013_18-0" class="reference"><a href="#cite_note-languagepopularity2013-18">[18]</a></sup><sup id="cite_ref-19" class="reference"><a href="#cite_note-19">[19]</a></sup> particularly for client-server web applications, with a reported 9 million developers.<sup class="noprint Inline-Template Template-Fact" style="white-space:nowrap;">[<i><a href="/wiki/Wikipedia:Citation_needed" title="Wikipedia:Citation needed"><span title="This claim needs references to reliable sources. (April 2015)">citation needed</span></a></i>]</sup> Java was originally developed by <a href="/wiki/James_Gosling" title="James Gosling">James Gosling</a> at <a href="/wiki/Sun_Microsystems" title="Sun Microsystems">Sun Microsystems</a> (which has since been <a href="/wiki/Sun_acquisition_by_Oracle" title="Sun acquisition by Oracle">acquired by Oracle Corporation</a>) and released in 1995 as a core component of Sun Microsystems' <a href="/wiki/Java_(software_platform)" title="Java (software platform)">Java platform</a>. The language derives much of its <a href="/wiki/Syntax_(programming_languages)" title="Syntax (programming languages)">syntax</a> from <a href="/wiki/C_(programming_language)" title="C (programming language)">C</a> and <a href="/wiki/C%2B%2B" title="C++">C++</a>, but it has fewer <a href="/wiki/Low-level_programming_language" title="Low-level programming language">low-level</a> facilities than either of them.</p>
<p><b>Java</b> is a general-purpose <a href="/wiki/Programming_language" title="Programming language">computer programming language</a> that is <a href="/wiki/Concurrent_computing" title="Concurrent computing">concurrent</a>, <a href="/wiki/Class-based_programming" title="Class-based programming">class-based</a>, <a href="/wiki/Object-oriented_programming" title="Object-oriented programming">object-oriented</a>,<sup id="cite_ref-FOOTNOTEGoslingJoySteeleBracha20141_13-0" class="reference"><a href="#cite_note-FOOTNOTEGoslingJoySteeleBracha20141-13">[13]</a></sup> and specifically designed to have as few implementation dependencies as possible. It is intended to let application developers "<a href="/wiki/Write_once,_run_anywhere" title="Write once, run anywhere">write once, run anywhere</a>" (WORA),<sup id="cite_ref-14" class="reference"><a href="#cite_note-14">[14]</a></sup> meaning that <a href="/wiki/Compiler" title="Compiler">compiled</a> Java code can run on all platforms that support Java without the need for recompilation.<sup id="cite_ref-design_goals_15-0" class="reference"><a href="#cite_note-design_goals-15">[15]</a></sup> Java applications are typically compiled to <a href="/wiki/Java_bytecode" title="Java bytecode">bytecode</a> that can run on any <a href="/wiki/Java_virtual_machine" title="Java virtual machine">Java virtual machine</a> (JVM) regardless of <a href="/wiki/Computer_architecture" title="Computer architecture">computer architecture</a>. As of 2016, Java is one of the most <a href="/wiki/Measuring_programming_language_popularity" title="Measuring programming language popularity">popular programming languages in use</a>,<sup id="cite_ref-16" class="reference"><a href="#cite_note-16">[16]</a></sup><sup id="cite_ref-17" class="reference"><a href="#cite_note-17">[17]</a></sup><sup id="cite_ref-languagepopularity2013_18-0" class="reference"><a href="#cite_note-languagepopularity2013-18">[18]</a></sup><sup id="cite_ref-19" class="reference"><a href="#cite_note-19">[19]</a></sup> particularly for client-server web applications, with a reported 9 million developers.<sup class="noprint Inline-Template Template-Fact" style="white-space:nowrap;">[<i><a href="/wiki/Wikipedia:Citation_needed" title="Wikipedia:Citation needed"><span title="This claim needs references to reliable sources. (April 2015)">citation needed</span></a></i>]</sup> Java was originally developed by <a href="/wiki/James_Gosling" title="James Gosling">James Gosling</a> at <a href="/wiki/Sun_Microsystems" title="Sun Microsystems">Sun Microsystems</a> (which has since been <a href="/wiki/Sun_acquisition_by_Oracle" title="Sun acquisition by Oracle">acquired by Oracle Corporation</a>) and released in 1995 as a core component of Sun Microsystems' <a href="/wiki/Java_(software_platform)" title="Java (software platform)">Java platform</a>. The language derives much of its <a href="/wiki/Syntax_(programming_languages)" title="Syntax (programming languages)">syntax</a> from <a href="/wiki/C_(programming_language)" title="C (programming language)">C</a> and <a href="/wiki/C%2B%2B" title="C++">C++</a>, but it has fewer <a href="/wiki/Low-level_programming_language" title="Low-level programming language">low-level</a> facilities than either of them.</p>
<p><b>Java</b> is a general-purpose <a href="/wiki/Programming_language" title="Programming language">computer programming language</a> that is <a href="/wiki/Concurrent_computing" title="Concurrent computing">concurrent</a>, <a href="/wiki/Class-based_programming" title="Class-based programming">class-based</a>, <a href="/wiki/Object-oriented_programming" title="Object-oriented programming">object-oriented</a>,<sup id="cite_ref-FOOTNOTEGoslingJoySteeleBracha20141_13-0" class="reference"><a href="#cite_note-FOOTNOTEGoslingJoySteeleBracha20141-13">[13]</a></sup> and specifically designed to have as few implementation dependencies as possible. It is intended to let application developers "<a href="/wiki/Write_once,_run_anywhere" title="Write once, run anywhere">write once, run anywhere</a>" (WORA),<sup id="cite_ref-14" class="reference"><a href="#cite_note-14">[14]</a></sup> meaning that <a href="/wiki/Compiler" title="Compiler">compiled</a> Java code can run on all platforms that support Java without the need for recompilation.<sup id="cite_ref-design_goals_15-0" class="reference"><a href="#cite_note-design_goals-15">[15]</a></sup> Java applications are typically compiled to <a href="/wiki/Java_bytecode" title="Java bytecode">bytecode</a> that can run on any <a href="/wiki/Java_virtual_machine" title="Java virtual machine">Java virtual machine</a> (JVM) regardless of <a href="/wiki/Computer_architecture" title="Computer architecture">computer architecture</a>. As of 2016, Java is one of the most <a href="/wiki/Measuring_programming_language_popularity" title="Measuring programming language popularity">popular programming languages in use</a>,<sup id="cite_ref-16" class="reference"><a href="#cite_note-16">[16]</a></sup><sup id="cite_ref-17" class="reference"><a href="#cite_note-17">[17]</a></sup><sup id="cite_ref-languagepopularity2013_18-0" class="reference"><a href="#cite_note-languagepopularity2013-18">[18]</a></sup><sup id="cite_ref-19" class="reference"><a href="#cite_note-19">[19]</a></sup> particularly for client-server web applications, with a reported 9 million developers.<sup class="noprint Inline-Template Template-Fact" style="white-space:nowrap;">[<i><a href="/wiki/Wikipedia:Citation_needed" title="Wikipedia:Citation needed"><span title="This claim needs references to reliable sources. (April 2015)">citation needed</span></a></i>]</sup> Java was originally developed by <a href="/wiki/James_Gosling" title="James Gosling">James Gosling</a> at <a href="/wiki/Sun_Microsystems" title="Sun Microsystems">Sun Microsystems</a> (which has since been <a href="/wiki/Sun_acquisition_by_Oracle" title="Sun acquisition by Oracle">acquired by Oracle Corporation</a>) and released in 1995 as a core component of Sun Microsystems' <a href="/wiki/Java_(software_platform)" title="Java (software platform)">Java platform</a>. The language derives much of its <a href="/wiki/Syntax_(programming_languages)" title="Syntax (programming languages)">syntax</a> from <a href="/wiki/C_(programming_language)" title="C (programming language)">C</a> and <a href="/wiki/C%2B%2B" title="C++">C++</a>, but it has fewer <a href="/wiki/Low-level_programming_language" title="Low-level programming language">low-level</a> facilities than either of them.</p>
<p><b>Java</b> is a general-purpose <a href="/wiki/Programming_language" title="Programming language">computer programming language</a> that is <a href="/wiki/Concurrent_computing" title="Concurrent computing">concurrent</a>, <a href="/wiki/Class-based_programming" title="Class-based programming">class-based</a>, <a href="/wiki/Object-oriented_programming" title="Object-oriented programming">object-oriented</a>,<sup id="cite_ref-FOOTNOTEGoslingJoySteeleBracha20141_13-0" class="reference"><a href="#cite_note-FOOTNOTEGoslingJoySteeleBracha20141-13">[13]</a></sup> and specifically designed to have as few implementation dependencies as possible. It is intended to let application developers "<a href="/wiki/Write_once,_run_anywhere" title="Write once, run anywhere">write once, run anywhere</a>" (WORA),<sup id="cite_ref-14" class="reference"><a href="#cite_note-14">[14]</a></sup> meaning that <a href="/wiki/Compiler" title="Compiler">compiled</a> Java code can run on all platforms that support Java without the need for recompilation.<sup id="cite_ref-design_goals_15-0" class="reference"><a href="#cite_note-design_goals-15">[15]</a></sup> Java applications are typically compiled to <a href="/wiki/Java_bytecode" title="Java bytecode">bytecode</a> that can run on any <a href="/wiki/Java_virtual_machine" title="Java virtual machine">Java virtual machine</a> (JVM) regardless of <a href="/wiki/Computer_architecture" title="Computer architecture">computer architecture</a>. As of 2016, Java is one of the most <a href="/wiki/Measuring_programming_language_popularity" title="Measuring programming language popularity">popular programming languages in use</a>,<sup id="cite_ref-16" class="reference"><a href="#cite_note-16">[16]</a></sup><sup id="cite_ref-17" class="reference"><a href="#cite_note-17">[17]</a></sup><sup id="cite_ref-languagepopularity2013_18-0" class="reference"><a href="#cite_note-languagepopularity2013-18">[18]</a></sup><sup id="cite_ref-19" class="reference"><a href="#cite_note-19">[19]</a></sup> particularly for client-server web applications, with a reported 9 million developers.<sup class="noprint Inline-Template Template-Fact" style="white-space:nowrap;">[<i><a href="/wiki/Wikipedia:Citation_needed" title="Wikipedia:Citation needed"><span title="This claim needs references to reliable sources. (April 2015)">citation needed</span></a></i>]</sup> Java was originally developed by <a href="/wiki/James_Gosling" title="James Gosling">James Gosling</a> at <a href="/wiki/Sun_Microsystems" title="Sun Microsystems">Sun Microsystems</a> (which has since been <a href="/wiki/Sun_acquisition_by_Oracle" title="Sun acquisition by Oracle">acquired by Oracle Corporation</a>) and released in 1995 as a core component of Sun Microsystems' <a href="/wiki/Java_(software_platform)" title="Java (software platform)">Java platform</a>. The language derives much of its <a href="/wiki/Syntax_(programming_languages)" title="Syntax (programming languages)">syntax</a> from <a href="/wiki/C_(programming_language)" title="C (programming language)">C</a> and <a href="/wiki/C%2B%2B" title="C++">C++</a>, but it has fewer <a href="/wiki/Low-level_programming_language" title="Low-level programming language">low-level</a> facilities than either of them.</p>
<p><b>Java</b> is a general-purpose <a href="/wiki/Programming_language" title="Programming language">computer programming language</a> that is <a href="/wiki/Concurrent_computing" title="Concurrent computing">concurrent</a>, <a href="/wiki/Class-based_programming" title="Class-based programming">class-based</a>, <a href="/wiki/Object-oriented_programming" title="Object-oriented programming">object-oriented</a>,<sup id="cite_ref-FOOTNOTEGoslingJoySteeleBracha20141_13-0" class="reference"><a href="#cite_note-FOOTNOTEGoslingJoySteeleBracha20141-13">[13]</a></sup> and specifically designed to have as few implementation dependencies as possible. It is intended to let application developers "<a href="/wiki/Write_once,_run_anywhere" title="Write once, run anywhere">write once, run anywhere</a>" (WORA),<sup id="cite_ref-14" class="reference"><a href="#cite_note-14">[14]</a></sup> meaning that <a href="/wiki/Compiler" title="Compiler">compiled</a> Java code can run on all platforms that support Java without the need for recompilation.<sup id="cite_ref-design_goals_15-0" class="reference"><a href="#cite_note-design_goals-15">[15]</a></sup> Java applications are typically compiled to <a href="/wiki/Java_bytecode" title="Java bytecode">bytecode</a> that can run on any <a href="/wiki/Java_virtual_machine" title="Java virtual machine">Java virtual machine</a> (JVM) regardless of <a href="/wiki/Computer_architecture" title="Computer architecture">computer architecture</a>. As of 2016, Java is one of the most <a href="/wiki/Measuring_programming_language_popularity" title="Measuring programming language popularity">popular programming languages in use</a>,<sup id="cite_ref-16" class="reference"><a href="#cite_note-16">[16]</a></sup><sup id="cite_ref-17" class="reference"><a href="#cite_note-17">[17]</a></sup><sup id="cite_ref-languagepopularity2013_18-0" class="reference"><a href="#cite_note-languagepopularity2013-18">[18]</a></sup><sup id="cite_ref-19" class="reference"><a href="#cite_note-19">[19]</a></sup> particularly for client-server web applications, with a reported 9 million developers.<sup class="noprint Inline-Template Template-Fact" style="white-space:nowrap;">[<i><a href="/wiki/Wikipedia:Citation_needed" title="Wikipedia:Citation needed"><span title="This claim needs references to reliable sources. (April 2015)">citation needed</span></a></i>]</sup> Java was originally developed by <a href="/wiki/James_Gosling" title="James Gosling">James Gosling</a> at <a href="/wiki/Sun_Microsystems" title="Sun Microsystems">Sun Microsystems</a> (which has since been <a href="/wiki/Sun_acquisition_by_Oracle" title="Sun acquisition by Oracle">acquired by Oracle Corporation</a>) and released in 1995 as a core component of Sun Microsystems' <a href="/wiki/Java_(software_platform)" title="Java (software platform)">Java platform</a>. The language derives much of its <a href="/wiki/Syntax_(programming_languages)" title="Syntax (programming languages)">syntax</a> from <a href="/wiki/C_(programming_language)" title="C (programming language)">C</a> and <a href="/wiki/C%2B%2B" title="C++">C++</a>, but it has fewer <a href="/wiki/Low-level_programming_language" title="Low-level programming language">low-level</a> facilities than either of them.</p>
<p>The original and <a href="/wiki/Reference_implementation" title="Reference implementation">reference implementation</a> Java <a href="/wiki/Compiler" title="Compiler">compilers</a>, virtual machines, and <a href="/wiki/Library_(computing)" title="Library (computing)">class libraries</a> were originally released by Sun under proprietary licences. As of May 2007, in compliance with the specifications of the <a href="/wiki/Java_Community_Process" title="Java Community Process">Java Community Process</a>, Sun relicensed most of its Java technologies under the <a href="/wiki/GNU_General_Public_License" title="GNU General Public License">GNU General Public License</a>. Others have also developed alternative implementations of these Sun technologies, such as the <a href="/wiki/GNU_Compiler_for_Java" title="GNU Compiler for Java">GNU Compiler for Java</a> (bytecode compiler), <a href="/wiki/GNU_Classpath" title="GNU Classpath">GNU Classpath</a> (standard libraries), and <a href="/wiki/IcedTea" title="IcedTea">IcedTea</a>-Web (browser plugin for applets).</p>
<p>The original and <a href="/wiki/Reference_implementation" title="Reference implementation">reference implementation</a> Java <a href="/wiki/Compiler" title="Compiler">compilers</a>, virtual machines, and <a href="/wiki/Library_(computing)" title="Library (computing)">class libraries</a> were originally released by Sun under proprietary licences. As of May 2007, in compliance with the specifications of the <a href="/wiki/Java_Community_Process" title="Java Community Process">Java Community Process</a>, Sun relicensed most of its Java technologies under the <a href="/wiki/GNU_General_Public_License" title="GNU General Public License">GNU General Public License</a>. Others have also developed alternative implementations of these Sun technologies, such as the <a href="/wiki/GNU_Compiler_for_Java" title="GNU Compiler for Java">GNU Compiler for Java</a> (bytecode compiler), <a href="/wiki/GNU_Classpath" title="GNU Classpath">GNU Classpath</a> (standard libraries), and <a href="/wiki/IcedTea" title="IcedTea">IcedTea</a>-Web (browser plugin for applets).</p>
<p>The original and <a href="/wiki/Reference_implementation" title="Reference implementation">reference implementation</a> Java <a href="/wiki/Compiler" title="Compiler">compilers</a>, virtual machines, and <a href="/wiki/Library_(computing)" title="Library (computing)">class libraries</a> were originally released by Sun under proprietary licences. As of May 2007, in compliance with the specifications of the <a href="/wiki/Java_Community_Process" title="Java Community Process">Java Community Process</a>, Sun relicensed most of its Java technologies under the <a href="/wiki/GNU_General_Public_License" title="GNU General Public License">GNU General Public License</a>. Others have also developed alternative implementations of these Sun technologies, such as the <a href="/wiki/GNU_Compiler_for_Java" title="GNU Compiler for Java">GNU Compiler for Java</a> (bytecode compiler), <a href="/wiki/GNU_Classpath" title="GNU Classpath">GNU Classpath</a> (standard libraries), and <a href="/wiki/IcedTea" title="IcedTea">IcedTea</a>-Web (browser plugin for applets).</p>
<p>The original and <a href="/wiki/Reference_implementation" title="Reference implementation">reference implementation</a> Java <a href="/wiki/Compiler" title="Compiler">compilers</a>, virtual machines, and <a href="/wiki/Library_(computing)" title="Library (computing)">class libraries</a> were originally released by Sun under proprietary licences. As of May 2007, in compliance with the specifications of the <a href="/wiki/Java_Community_Process" title="Java Community Process">Java Community Process</a>, Sun relicensed most of its Java technologies under the <a href="/wiki/GNU_General_Public_License" title="GNU General Public License">GNU General Public License</a>. Others have also developed alternative implementations of these Sun technologies, such as the <a href="/wiki/GNU_Compiler_for_Java" title="GNU Compiler for Java">GNU Compiler for Java</a> (bytecode compiler), <a href="/wiki/GNU_Classpath" title="GNU Classpath">GNU Classpath</a> (standard libraries), and <a href="/wiki/IcedTea" title="IcedTea">IcedTea</a>-Web (browser plugin for applets).</p>
<p>The original and <a href="/wiki/Reference_implementation" title="Reference implementation">reference implementation</a> Java <a href="/wiki/Compiler" title="Compiler">compilers</a>, virtual machines, and <a href="/wiki/Library_(computing)" title="Library (computing)">class libraries</a> were originally released by Sun under proprietary licences. As of May 2007, in compliance with the specifications of the <a href="/wiki/Java_Community_Process" title="Java Community Process">Java Community Process</a>, Sun relicensed most of its Java technologies under the <a href="/wiki/GNU_General_Public_License" title="GNU General Public License">GNU General Public License</a>. Others have also developed alternative implementations of these Sun technologies, such as the <a href="/wiki/GNU_Compiler_for_Java" title="GNU Compiler for Java">GNU Compiler for Java</a> (bytecode compiler), <a href="/wiki/GNU_Classpath" title="GNU Classpath">GNU Classpath</a> (standard libraries), and <a href="/wiki/IcedTea" title="IcedTea">IcedTea</a>-Web (browser plugin for applets).</p>
<p>The original and <a href="/wiki/Reference_implementation" title="Reference implementation">reference implementation</a> Java <a href="/wiki/Compiler" title="Compiler">compilers</a>, virtual machines, and <a href="/wiki/Library_(computing)" title="Library (computing)">class libraries</a> were originally released by Sun under proprietary licences. As of May 2007, in compliance with the specifications of the <a href="/wiki/Java_Community_Process" title="Java Community Process">Java Community Process</a>, Sun relicensed most of its Java technologies under the <a href="/wiki/GNU_General_Public_License" title="GNU General Public License">GNU General Public License</a>. Others have also developed alternative implementations of these Sun technologies, such as the <a href="/wiki/GNU_Compiler_for_Java" title="GNU Compiler for Java">GNU Compiler for Java</a> (bytecode compiler), <a href="/wiki/GNU_Classpath" title="GNU Classpath">GNU Classpath</a> (standard libraries), and <a href="/wiki/IcedTea" title="IcedTea">IcedTea</a>-Web (browser plugin for applets).</p>
<p>The original and <a href="/wiki/Reference_implementation" title="Reference implementation">reference implementation</a> Java <a href="/wiki/Compiler" title="Compiler">compilers</a>, virtual machines, and <a href="/wiki/Library_(computing)" title="Library (computing)">class libraries</a> were originally released by Sun under proprietary licences. As of May 2007, in compliance with the specifications of the <a href="/wiki/Java_Community_Process" title="Java Community Process">Java Community Process</a>, Sun relicensed most of its Java technologies under the <a href="/wiki/GNU_General_Public_License" title="GNU General Public License">GNU General Public License</a>. Others have also developed alternative implementations of these Sun technologies, such as the <a href="/wiki/GNU_Compiler_for_Java" title="GNU Compiler for Java">GNU Compiler for Java</a> (bytecode compiler), <a href="/wiki/GNU_Classpath" title="GNU Classpath">GNU Classpath</a> (standard libraries), and <a href="/wiki/IcedTea" title="IcedTea">IcedTea</a>-Web (browser plugin for applets).</p>
<p>The original and <a href="/wiki/Reference_implementation" title="Reference implementation">reference implementation</a> Java <a href="/wiki/Compiler" title="Compiler">compilers</a>, virtual machines, and <a href="/wiki/Library_(computing)" title="Library (computing)">class libraries</a> were originally released by Sun under proprietary licences. As of May 2007, in compliance with the specifications of the <a href="/wiki/Java_Community_Process" title="Java Community Process">Java Community Process</a>, Sun relicensed most of its Java technologies under the <a href="/wiki/GNU_General_Public_License" title="GNU General Public License">GNU General Public License</a>. Others have also developed alternative implementations of these Sun technologies, such as the <a href="/wiki/GNU_Compiler_for_Java" title="GNU Compiler for Java">GNU Compiler for Java</a> (bytecode compiler), <a href="/wiki/GNU_Classpath" title="GNU Classpath">GNU Classpath</a> (standard libraries), and <a href="/wiki/IcedTea" title="IcedTea">IcedTea</a>-Web (browser plugin for applets).</p>
<p><a href="/wiki/James_Gosling" title="James Gosling">James Gosling</a>, Mike Sheridan, and <a href="/wiki/Patrick_Naughton" title="Patrick Naughton">Patrick Naughton</a> initiated the Java language project in June 1991.<sup id="cite_ref-20" class="reference"><a href="#cite_note-20">[20]</a></sup> Java was originally designed for interactive television, but it was too advanced for the digital cable television industry at the time.<sup id="cite_ref-21" class="reference"><a href="#cite_note-21">[21]</a></sup> The language was initially called <i><a href="/wiki/Oak_(programming_language)" title="Oak (programming language)">Oak</a></i> after an <a href="/wiki/Oak" title="Oak">oak</a> tree that stood outside Gosling's office. Later the project went by the name <i>Green</i> and was finally renamed <i>Java</i>, from <a href="/wiki/Java_coffee" title="Java coffee">Java coffee</a>.<sup id="cite_ref-22" class="reference"><a href="#cite_note-22">[22]</a></sup> Gosling designed Java with a C/C++-style syntax that system and application programmers would find familiar.<sup id="cite_ref-23" class="reference"><a href="#cite_note-23">[23]</a></sup></p>
<p><a href="/wiki/James_Gosling" title="James Gosling">James Gosling</a>, Mike Sheridan, and <a href="/wiki/Patrick_Naughton" title="Patrick Naughton">Patrick Naughton</a> initiated the Java language project in June 1991.<sup id="cite_ref-20" class="reference"><a href="#cite_note-20">[20]</a></sup> Java was originally designed for interactive television, but it was too advanced for the digital cable television industry at the time.<sup id="cite_ref-21" class="reference"><a href="#cite_note-21">[21]</a></sup> The language was initially called <i><a href="/wiki/Oak_(programming_language)" title="Oak (programming language)">Oak</a></i> after an <a href="/wiki/Oak" title="Oak">oak</a> tree that stood outside Gosling's office. Later the project went by the name <i>Green</i> and was finally renamed <i>Java</i>, from <a href="/wiki/Java_coffee" title="Java coffee">Java coffee</a>.<sup id="cite_ref-22" class="reference"><a href="#cite_note-22">[22]</a></sup> Gosling designed Java with a C/C++-style syntax that system and application programmers would find familiar.<sup id="cite_ref-23" class="reference"><a href="#cite_note-23">[23]</a></sup></p>
<sup id="cite_ref-20" class="reference"><a href="#cite_note-20">[20]</a></sup>
<sup id="cite_ref-21" class="reference"><a href="#cite_note-21">[21]</a></sup>
<i><a href="/wiki/Oak_(programming_language)" title="Oak (programming language)">Oak</a></i>
<p><a href="/wiki/James_Gosling" title="James Gosling">James Gosling</a>, Mike Sheridan, and <a href="/wiki/Patrick_Naughton" title="Patrick Naughton">Patrick Naughton</a> initiated the Java language project in June 1991.<sup id="cite_ref-20" class="reference"><a href="#cite_note-20">[20]</a></sup> Java was originally designed for interactive television, but it was too advanced for the digital cable television industry at the time.<sup id="cite_ref-21" class="reference"><a href="#cite_note-21">[21]</a></sup> The language was initially called <i><a href="/wiki/Oak_(programming_language)" title="Oak (programming language)">Oak</a></i> after an <a href="/wiki/Oak" title="Oak">oak</a> tree that stood outside Gosling's office. Later the project went by the name <i>Green</i> and was finally renamed <i>Java</i>, from <a href="/wiki/Java_coffee" title="Java coffee">Java coffee</a>.<sup id="cite_ref-22" class="reference"><a href="#cite_note-22">[22]</a></sup> Gosling designed Java with a C/C++-style syntax that system and application programmers would find familiar.<sup id="cite_ref-23" class="reference"><a href="#cite_note-23">[23]</a></sup></p>
<p><a href="/wiki/James_Gosling" title="James Gosling">James Gosling</a>, Mike Sheridan, and <a href="/wiki/Patrick_Naughton" title="Patrick Naughton">Patrick Naughton</a> initiated the Java language project in June 1991.<sup id="cite_ref-20" class="reference"><a href="#cite_note-20">[20]</a></sup> Java was originally designed for interactive television, but it was too advanced for the digital cable television industry at the time.<sup id="cite_ref-21" class="reference"><a href="#cite_note-21">[21]</a></sup> The language was initially called <i><a href="/wiki/Oak_(programming_language)" title="Oak (programming language)">Oak</a></i> after an <a href="/wiki/Oak" title="Oak">oak</a> tree that stood outside Gosling's office. Later the project went by the name <i>Green</i> and was finally renamed <i>Java</i>, from <a href="/wiki/Java_coffee" title="Java coffee">Java coffee</a>.<sup id="cite_ref-22" class="reference"><a href="#cite_note-22">[22]</a></sup> Gosling designed Java with a C/C++-style syntax that system and application programmers would find familiar.<sup id="cite_ref-23" class="reference"><a href="#cite_note-23">[23]</a></sup></p>
<sup id="cite_ref-22" class="reference"><a href="#cite_note-22">[22]</a></sup>
<sup id="cite_ref-23" class="reference"><a href="#cite_note-23">[23]</a></sup>
<p><a href="/wiki/Sun_Microsystems" title="Sun Microsystems">Sun Microsystems</a> released the first public implementation as Java 1.0 in 1995.<sup id="cite_ref-oraclejavahistory_24-0" class="reference"><a href="#cite_note-oraclejavahistory-24">[24]</a></sup> It promised "Write Once, Run Anywhere" (WORA), providing no-cost run-times on popular <a href="/wiki/Computing_platform" title="Computing platform">platforms</a>. Fairly secure and featuring configurable security, it allowed network- and file-access restrictions. Major <a href="/wiki/Web_browser" title="Web browser">web browsers</a> soon incorporated the ability to run <i><a href="/wiki/Java_applet" title="Java applet">Java applets</a></i> within web pages, and Java quickly became popular, while mostly outside of browsers, that wasn't the original plan. In January 2016, Oracle announced that Java runtime environments based on JDK 9 will discontinue the browser plugin.<sup id="cite_ref-25" class="reference"><a href="#cite_note-25">[25]</a></sup> The Java 1.0 compiler was re-written <a href="/wiki/Bootstrapping_(compilers)" title="Bootstrapping (compilers)">in Java</a> by <a href="/wiki/Arthur_van_Hoff" title="Arthur van Hoff">Arthur van Hoff</a> to comply strictly with the Java 1.0 language specification.<sup id="cite_ref-26" class="reference"><a href="#cite_note-26">[26]</a></sup> With the advent of <i>Java 2</i> (released initially as J2SE 1.2 in December 1998 – 1999), new versions had multiple configurations built for different types of platforms. <i>J2EE</i> included technologies and APIs for enterprise applications typically run in server environments, while <i>J2ME</i> featured APIs optimized for mobile applications. The desktop version was renamed <i>J2SE</i>. In 2006, for marketing purposes, Sun renamed new <i>J2</i> versions as <i><a href="/wiki/Java_Platform,_Enterprise_Edition" title="Java Platform, Enterprise Edition">Java EE</a></i>, <i><a href="/wiki/Java_Platform,_Micro_Edition" title="Java Platform, Micro Edition">Java ME</a></i>, and <i><a href="/wiki/Java_Platform,_Standard_Edition" title="Java Platform, Standard Edition">Java SE</a></i>, respectively.</p>
<sup id="cite_ref-oraclejavahistory_24-0" class="reference"><a href="#cite_note-oraclejavahistory-24">[24]</a></sup>
<p><a href="/wiki/Sun_Microsystems" title="Sun Microsystems">Sun Microsystems</a> released the first public implementation as Java 1.0 in 1995.<sup id="cite_ref-oraclejavahistory_24-0" class="reference"><a href="#cite_note-oraclejavahistory-24">[24]</a></sup> It promised "Write Once, Run Anywhere" (WORA), providing no-cost run-times on popular <a href="/wiki/Computing_platform" title="Computing platform">platforms</a>. Fairly secure and featuring configurable security, it allowed network- and file-access restrictions. Major <a href="/wiki/Web_browser" title="Web browser">web browsers</a> soon incorporated the ability to run <i><a href="/wiki/Java_applet" title="Java applet">Java applets</a></i> within web pages, and Java quickly became popular, while mostly outside of browsers, that wasn't the original plan. In January 2016, Oracle announced that Java runtime environments based on JDK 9 will discontinue the browser plugin.<sup id="cite_ref-25" class="reference"><a href="#cite_note-25">[25]</a></sup> The Java 1.0 compiler was re-written <a href="/wiki/Bootstrapping_(compilers)" title="Bootstrapping (compilers)">in Java</a> by <a href="/wiki/Arthur_van_Hoff" title="Arthur van Hoff">Arthur van Hoff</a> to comply strictly with the Java 1.0 language specification.<sup id="cite_ref-26" class="reference"><a href="#cite_note-26">[26]</a></sup> With the advent of <i>Java 2</i> (released initially as J2SE 1.2 in December 1998 – 1999), new versions had multiple configurations built for different types of platforms. <i>J2EE</i> included technologies and APIs for enterprise applications typically run in server environments, while <i>J2ME</i> featured APIs optimized for mobile applications. The desktop version was renamed <i>J2SE</i>. In 2006, for marketing purposes, Sun renamed new <i>J2</i> versions as <i><a href="/wiki/Java_Platform,_Enterprise_Edition" title="Java Platform, Enterprise Edition">Java EE</a></i>, <i><a href="/wiki/Java_Platform,_Micro_Edition" title="Java Platform, Micro Edition">Java ME</a></i>, and <i><a href="/wiki/Java_Platform,_Standard_Edition" title="Java Platform, Standard Edition">Java SE</a></i>, respectively.</p>
[...]
<p>The Java language is a key pillar in <a href="/wiki/Android_(operating_system)" title="Android (operating system)">Android</a>, an <a href="/wiki/Open_source" title="Open source" class="mw-redirect">open source</a> <a href="/wiki/Mobile_operating_system" title="Mobile operating system">mobile operating system</a>. Although Android, built on the <a href="/wiki/Linux_kernel" title="Linux kernel">Linux kernel</a>, was written largely in C, the <a href="/wiki/Android_software_development#SDK" title="Android software development">Android SDK</a> uses the Java language as the basis for Android applications. However, Android does not use the standard Java virtual machine, instead using Java bytecode as an intermediate step which is transformed into <a href="/wiki/Dalvik_(software)" title="Dalvik (software)">Dalvik</a> bytecode. Depending on the Android version, this is then either interpreted by the <a href="/wiki/Dalvik_virtual_machine" title="Dalvik virtual machine" class="mw-redirect">Dalvik virtual machine</a>, or compiled into native code by the <a href="/wiki/Android_Runtime" title="Android Runtime">Android Runtime</a>.</p>
<p>The Java language is a key pillar in <a href="/wiki/Android_(operating_system)" title="Android (operating system)">Android</a>, an <a href="/wiki/Open_source" title="Open source" class="mw-redirect">open source</a> <a href="/wiki/Mobile_operating_system" title="Mobile operating system">mobile operating system</a>. Although Android, built on the <a href="/wiki/Linux_kernel" title="Linux kernel">Linux kernel</a>, was written largely in C, the <a href="/wiki/Android_software_development#SDK" title="Android software development">Android SDK</a> uses the Java language as the basis for Android applications. However, Android does not use the standard Java virtual machine, instead using Java bytecode as an intermediate step which is transformed into <a href="/wiki/Dalvik_(software)" title="Dalvik (software)">Dalvik</a> bytecode. Depending on the Android version, this is then either interpreted by the <a href="/wiki/Dalvik_virtual_machine" title="Dalvik virtual machine" class="mw-redirect">Dalvik virtual machine</a>, or compiled into native code by the <a href="/wiki/Android_Runtime" title="Android Runtime">Android Runtime</a>.</p>
<p>The Java language is a key pillar in <a href="/wiki/Android_(operating_system)" title="Android (operating system)">Android</a>, an <a href="/wiki/Open_source" title="Open source" class="mw-redirect">open source</a> <a href="/wiki/Mobile_operating_system" title="Mobile operating system">mobile operating system</a>. Although Android, built on the <a href="/wiki/Linux_kernel" title="Linux kernel">Linux kernel</a>, was written largely in C, the <a href="/wiki/Android_software_development#SDK" title="Android software development">Android SDK</a> uses the Java language as the basis for Android applications. However, Android does not use the standard Java virtual machine, instead using Java bytecode as an intermediate step which is transformed into <a href="/wiki/Dalvik_(software)" title="Dalvik (software)">Dalvik</a> bytecode. Depending on the Android version, this is then either interpreted by the <a href="/wiki/Dalvik_virtual_machine" title="Dalvik virtual machine" class="mw-redirect">Dalvik virtual machine</a>, or compiled into native code by the <a href="/wiki/Android_Runtime" title="Android Runtime">Android Runtime</a>.</p>
<p>The Java language is a key pillar in <a href="/wiki/Android_(operating_system)" title="Android (operating system)">Android</a>, an <a href="/wiki/Open_source" title="Open source" class="mw-redirect">open source</a> <a href="/wiki/Mobile_operating_system" title="Mobile operating system">mobile operating system</a>. Although Android, built on the <a href="/wiki/Linux_kernel" title="Linux kernel">Linux kernel</a>, was written largely in C, the <a href="/wiki/Android_software_development#SDK" title="Android software development">Android SDK</a> uses the Java language as the basis for Android applications. However, Android does not use the standard Java virtual machine, instead using Java bytecode as an intermediate step which is transformed into <a href="/wiki/Dalvik_(software)" title="Dalvik (software)">Dalvik</a> bytecode. Depending on the Android version, this is then either interpreted by the <a href="/wiki/Dalvik_virtual_machine" title="Dalvik virtual machine" class="mw-redirect">Dalvik virtual machine</a>, or compiled into native code by the <a href="/wiki/Android_Runtime" title="Android Runtime">Android Runtime</a>.</p>
<p>The Java language is a key pillar in <a href="/wiki/Android_(operating_system)" title="Android (operating system)">Android</a>, an <a href="/wiki/Open_source" title="Open source" class="mw-redirect">open source</a> <a href="/wiki/Mobile_operating_system" title="Mobile operating system">mobile operating system</a>. Although Android, built on the <a href="/wiki/Linux_kernel" title="Linux kernel">Linux kernel</a>, was written largely in C, the <a href="/wiki/Android_software_development#SDK" title="Android software development">Android SDK</a> uses the Java language as the basis for Android applications. However, Android does not use the standard Java virtual machine, instead using Java bytecode as an intermediate step which is transformed into <a href="/wiki/Dalvik_(software)" title="Dalvik (software)">Dalvik</a> bytecode. Depending on the Android version, this is then either interpreted by the <a href="/wiki/Dalvik_virtual_machine" title="Dalvik virtual machine" class="mw-redirect">Dalvik virtual machine</a>, or compiled into native code by the <a href="/wiki/Android_Runtime" title="Android Runtime">Android Runtime</a>.</p>
<p>The Java language is a key pillar in <a href="/wiki/Android_(operating_system)" title="Android (operating system)">Android</a>, an <a href="/wiki/Open_source" title="Open source" class="mw-redirect">open source</a> <a href="/wiki/Mobile_operating_system" title="Mobile operating system">mobile operating system</a>. Although Android, built on the <a href="/wiki/Linux_kernel" title="Linux kernel">Linux kernel</a>, was written largely in C, the <a href="/wiki/Android_software_development#SDK" title="Android software development">Android SDK</a> uses the Java language as the basis for Android applications. However, Android does not use the standard Java virtual machine, instead using Java bytecode as an intermediate step which is transformed into <a href="/wiki/Dalvik_(software)" title="Dalvik (software)">Dalvik</a> bytecode. Depending on the Android version, this is then either interpreted by the <a href="/wiki/Dalvik_virtual_machine" title="Dalvik virtual machine" class="mw-redirect">Dalvik virtual machine</a>, or compiled into native code by the <a href="/wiki/Android_Runtime" title="Android Runtime">Android Runtime</a>.</p>
<sup id="cite_ref-55" class="reference"><a href="#cite_note-55">[55]</a></sup>
<p>Android also does not provide the full Java SE standard library, although the Android class library does include an independent implementation of a large subset of it. This led to a legal dispute between Oracle and Google. On May 7, 2012, a San Francisco jury found that if APIs could be copyrighted, then Google had infringed Oracle's copyrights by the use of Java in Android devices.<sup id="cite_ref-55" class="reference"><a href="#cite_note-55">[55]</a></sup> District Judge <a href="/wiki/William_Haskell_Alsup" title="William Haskell Alsup">William Haskell Alsup</a> ruled on May 31, 2012, that APIs cannot be copyrighted,<sup id="cite_ref-56" class="reference"><a href="#cite_note-56">[56]</a></sup> but this was reversed by the United States Court of Appeals for the Federal Circuit in May 2014.<sup id="cite_ref-57" class="reference"><a href="#cite_note-57">[57]</a></sup><sup id="cite_ref-cnet_appeals_58-0" class="reference"><a href="#cite_note-cnet_appeals-58">[58]</a></sup><sup id="cite_ref-cafc_13-1021_59-0" class="reference"><a href="#cite_note-cafc_13-1021-59">[59]</a></sup></p>
<sup id="cite_ref-56" class="reference"><a href="#cite_note-56">[56]</a></sup>
<sup id="cite_ref-57" class="reference"><a href="#cite_note-57">[57]</a></sup>
<sup id="cite_ref-cnet_appeals_58-0" class="reference"><a href="#cite_note-cnet_appeals-58">[58]</a></sup>
<sup id="cite_ref-cafc_13-1021_59-0" class="reference"><a href="#cite_note-cafc_13-1021-59">[59]</a></sup>
<p>The <a href="/wiki/Java_Class_Library" title="Java Class Library">Java Class Library</a> is the <a href="/wiki/Standard_library" title="Standard library">standard library</a>, developed to support application development in Java. It is controlled by <a href="/wiki/Sun_Microsystems" title="Sun Microsystems">Sun Microsystems</a> in cooperation with others through the <a href="/wiki/Java_Community_Process" title="Java Community Process">Java Community Process</a> program. Companies or individuals participating in this process can influence the design and development of the APIs. This process has been a subject of controversy.<sup class="noprint Inline-Template" style="white-space:nowrap;">[<i><a href="/wiki/Wikipedia:Manual_of_Style/Dates_and_numbers#Chronological_items" title="Wikipedia:Manual of Style/Dates and numbers"><span title="The time period mentioned near this tag is ambiguous. (December 2014)">when?</span></a></i>]</sup> The class library contains features such as:</p>
<p>The <a href="/wiki/Java_Class_Library" title="Java Class Library">Java Class Library</a> is the <a href="/wiki/Standard_library" title="Standard library">standard library</a>, developed to support application development in Java. It is controlled by <a href="/wiki/Sun_Microsystems" title="Sun Microsystems">Sun Microsystems</a> in cooperation with others through the <a href="/wiki/Java_Community_Process" title="Java Community Process">Java Community Process</a> program. Companies or individuals participating in this process can influence the design and development of the APIs. This process has been a subject of controversy.<sup class="noprint Inline-Template" style="white-space:nowrap;">[<i><a href="/wiki/Wikipedia:Manual_of_Style/Dates_and_numbers#Chronological_items" title="Wikipedia:Manual of Style/Dates and numbers"><span title="The time period mentioned near this tag is ambiguous. (December 2014)">when?</span></a></i>]</sup> The class library contains features such as:</p>
<p>The <a href="/wiki/Java_Class_Library" title="Java Class Library">Java Class Library</a> is the <a href="/wiki/Standard_library" title="Standard library">standard library</a>, developed to support application development in Java. It is controlled by <a href="/wiki/Sun_Microsystems" title="Sun Microsystems">Sun Microsystems</a> in cooperation with others through the <a href="/wiki/Java_Community_Process" title="Java Community Process">Java Community Process</a> program. Companies or individuals participating in this process can influence the design and development of the APIs. This process has been a subject of controversy.<sup class="noprint Inline-Template" style="white-space:nowrap;">[<i><a href="/wiki/Wikipedia:Manual_of_Style/Dates_and_numbers#Chronological_items" title="Wikipedia:Manual of Style/Dates and numbers"><span title="The time period mentioned near this tag is ambiguous. (December 2014)">when?</span></a></i>]</sup> The class library contains features such as:</p>
<p>The <a href="/wiki/Java_Class_Library" title="Java Class Library">Java Class Library</a> is the <a href="/wiki/Standard_library" title="Standard library">standard library</a>, developed to support application development in Java. It is controlled by <a href="/wiki/Sun_Microsystems" title="Sun Microsystems">Sun Microsystems</a> in cooperation with others through the <a href="/wiki/Java_Community_Process" title="Java Community Process">Java Community Process</a> program. Companies or individuals participating in this process can influence the design and development of the APIs. This process has been a subject of controversy.<sup class="noprint Inline-Template" style="white-space:nowrap;">[<i><a href="/wiki/Wikipedia:Manual_of_Style/Dates_and_numbers#Chronological_items" title="Wikipedia:Manual of Style/Dates and numbers"><span title="The time period mentioned near this tag is ambiguous. (December 2014)">when?</span></a></i>]</sup> The class library contains features such as:</p>
<i><a href="/wiki/Wikipedia:Manual_of_Style/Dates_and_numbers#Chronological_items" title="Wikipedia:Manual of Style/Dates and numbers"><span title="The time period mentioned near this tag is ambiguous. (December 2014)">when?</span></a></i>
<p>Javadoc is a comprehensive documentation system, created by <a href="/wiki/Sun_Microsystems" title="Sun Microsystems">Sun Microsystems</a>, used by many Java developers<sup class="noprint Inline-Template" style="white-space:nowrap;">[<i><a href="/wiki/Wikipedia:Manual_of_Style/Words_to_watch#Unsupported_attributions" title="Wikipedia:Manual of Style/Words to watch"><span title="The material near this tag may use weasel words or too-vague attribution. (September 2015)">by whom?</span></a></i>]</sup>. It provides developers with an organized system for documenting their code. Javadoc comments have an extra asterisk at the beginning, i.e. the delimiters are <code>/**</code> and <code>*/</code>, whereas the normal multi-line comments in Java are set off with the delimiters <code>/*</code> and <code>*/</code>.<sup id="cite_ref-javadoc_comments_63-0" class="reference"><a href="#cite_note-javadoc_comments-63">[63]</a></sup></p>
<i><a href="/wiki/Wikipedia:Manual_of_Style/Words_to_watch#Unsupported_attributions" title="Wikipedia:Manual of Style/Words to watch"><span title="The material near this tag may use weasel words or too-vague attribution. (September 2015)">by whom?</span></a></i>
<sup id="cite_ref-javadoc_comments_63-0" class="reference"><a href="#cite_note-javadoc_comments-63">[63]</a></sup>
<p>Sun has defined and supports four editions of Java targeting different application environments and segmented many of its <a href="/wiki/Application_programming_interface" title="Application programming interface">APIs</a> so that they belong to one of the platforms. The platforms are:</p>
<p>The <a href="/wiki/Class_(computer_programming)" title="Class (computer programming)">classes</a> in the Java APIs are organized into separate groups called <a href="/wiki/Java_package" title="Java package">packages</a>. Each package contains a set of related <a href="/wiki/Interface_(Java)" title="Interface (Java)">interfaces</a>, classes and <a href="/wiki/Exception_handling" title="Exception handling">exceptions</a>. Refer to the separate platforms for a description of the packages available.<sup class="noprint Inline-Template" style="white-space:nowrap;">[<i><a href="/wiki/Wikipedia:TOPIC" title="Wikipedia:TOPIC" class="mw-redirect"><span title="The material in the vicinity of this tag may contain the information irrelevant to the section's main topic">relevant to this section?</span></a> <span class="metadata">– <a href="/wiki/Talk:Java_(programming_language)#Relevant" title="Talk:Java (programming language)">discuss</a></span></i>]</sup></p>
<p>The <a href="/wiki/Class_(computer_programming)" title="Class (computer programming)">classes</a> in the Java APIs are organized into separate groups called <a href="/wiki/Java_package" title="Java package">packages</a>. Each package contains a set of related <a href="/wiki/Interface_(Java)" title="Interface (Java)">interfaces</a>, classes and <a href="/wiki/Exception_handling" title="Exception handling">exceptions</a>. Refer to the separate platforms for a description of the packages available.<sup class="noprint Inline-Template" style="white-space:nowrap;">[<i><a href="/wiki/Wikipedia:TOPIC" title="Wikipedia:TOPIC" class="mw-redirect"><span title="The material in the vicinity of this tag may contain the information irrelevant to the section's main topic">relevant to this section?</span></a> <span class="metadata">– <a href="/wiki/Talk:Java_(programming_language)#Relevant" title="Talk:Java (programming language)">discuss</a></span></i>]</sup></p>
<p>The <a href="/wiki/Class_(computer_programming)" title="Class (computer programming)">classes</a> in the Java APIs are organized into separate groups called <a href="/wiki/Java_package" title="Java package">packages</a>. Each package contains a set of related <a href="/wiki/Interface_(Java)" title="Interface (Java)">interfaces</a>, classes and <a href="/wiki/Exception_handling" title="Exception handling">exceptions</a>. Refer to the separate platforms for a description of the packages available.<sup class="noprint Inline-Template" style="white-space:nowrap;">[<i><a href="/wiki/Wikipedia:TOPIC" title="Wikipedia:TOPIC" class="mw-redirect"><span title="The material in the vicinity of this tag may contain the information irrelevant to the section's main topic">relevant to this section?</span></a> <span class="metadata">– <a href="/wiki/Talk:Java_(programming_language)#Relevant" title="Talk:Java (programming language)">discuss</a></span></i>]</sup></p>
<p>The <a href="/wiki/Class_(computer_programming)" title="Class (computer programming)">classes</a> in the Java APIs are organized into separate groups called <a href="/wiki/Java_package" title="Java package">packages</a>. Each package contains a set of related <a href="/wiki/Interface_(Java)" title="Interface (Java)">interfaces</a>, classes and <a href="/wiki/Exception_handling" title="Exception handling">exceptions</a>. Refer to the separate platforms for a description of the packages available.<sup class="noprint Inline-Template" style="white-space:nowrap;">[<i><a href="/wiki/Wikipedia:TOPIC" title="Wikipedia:TOPIC" class="mw-redirect"><span title="The material in the vicinity of this tag may contain the information irrelevant to the section's main topic">relevant to this section?</span></a> <span class="metadata">– <a href="/wiki/Talk:Java_(programming_language)#Relevant" title="Talk:Java (programming language)">discuss</a></span></i>]</sup></p>
<i><a href="/wiki/Wikipedia:TOPIC" title="Wikipedia:TOPIC" class="mw-redirect"><span title="The material in the vicinity of this tag may contain the information irrelevant to the section's main topic">relevant to this section?</span></a> <span class="metadata">– <a href="/wiki/Talk:Java_(programming_language)#Relevant" title="Talk:Java (programming language)">discuss</a></span></i>
<span class="metadata">– <a href="/wiki/Talk:Java_(programming_language)#Relevant" title="Talk:Java (programming language)">discuss</a></span>
<p>Sun also provided an edition called <a href="/wiki/PersonalJava" title="PersonalJava">PersonalJava</a> that has been superseded by later, standards-based Java ME configuration-profile pairings.</p>
1
]]></system-out>
  <system-err><![CDATA[]]></system-err>
</testsuite>
